<?xml version="1.0" encoding="UTF-8"?>
<!-- Generated by org.testng.reporters.JUnitReportReporter -->
<testsuite name="com.newtours.testcases.LoginNewTours" tests="1" time="13.247" ignored="0" failures="0" timestamp="29 Nov 2021 11:46:06 GMT" skipped="0" hostname="Ishara-Notebook" errors="0">
  <testcase name="loginApplication" time="13.247" classname="com.newtours.testcases.LoginNewTours"/>
</testsuite> <!-- com.newtours.testcases.LoginNewTours -->
